<?xml version="1.0" encoding="UTF-8"?>
<!-- Generated by org.testng.reporters.JUnitXMLReporter -->
<testsuite ignored="0" hostname="DESKTOP-I59386F" failures="3" tests="4" name="Test" time="183.967" errors="0" timestamp="2023-05-03T16:32:31 IST">
  <testcase classname="orgaisationModule.VerifyCreateorganisationNameTest" name="validatingHomePage" time="25.209">
    <failure type="java.lang.AssertionError" message="null">
      <![CDATA[java.lang.AssertionError: null
at orgaisationModule.VerifyCreateorganisationNameTest.validatingHomePage(VerifyCreateorganisationNameTest.java:31)
at java.base/java.util.ArrayList.forEach(ArrayList.java:1511)
... Removed 29 stack frames]]>
    </failure>
  </testcase> <!-- validatingHomePage -->
  <testcase classname="orgaisationModule.CreateOrganisationByIndustryDropDown" name="creOrgWithDorpDown" time="4.603">
    <failure type="java.lang.AssertionError" message="null">
      <![CDATA[java.lang.AssertionError: null
at orgaisationModule.CreateOrganisationByIndustryDropDown.creOrgWithDorpDown(CreateOrganisationByIndustryDropDown.java:28)
at java.base/java.util.ArrayList.forEach(ArrayList.java:1511)
... Removed 29 stack frames]]>
    </failure>
  </testcase> <!-- creOrgWithDorpDown -->
  <testcase classname="orgaisationModule.CreateOrganisationBysymbol" name="createOrganistionBySymbol" time="9.984"/>
  <testcase classname="orgaisationModule.CreateOrganisationByOrganisationTest" name="m1" time="8.635">
    <failure type="java.lang.AssertionError" message="null">
      <![CDATA[java.lang.AssertionError: null
at orgaisationModule.CreateOrganisationByOrganisationTest.m1(CreateOrganisationByOrganisationTest.java:42)
at java.base/java.util.ArrayList.forEach(ArrayList.java:1511)
... Removed 29 stack frames]]>
    </failure>
  </testcase> <!-- m1 -->
</testsuite> <!-- Test -->
